2020-04-20 20:07:04 INFO  Log4j:14 - Welcome to the calculator!
2020-04-20 20:07:04 INFO  Log4j:24 - Type an operator/operand and hit enter.
2020-04-20 20:07:04 INFO  Log4j:25 - One per line, enter empty input twice to exit program
2020-04-20 20:07:04 INFO  Log4j:20 - The valid operators you can use are:  [+, -]
2020-04-20 20:08:05 INFO  Log4j:14 - Welcome to the calculator!
2020-04-20 20:08:05 INFO  Log4j:24 - Type an operator/operand and hit enter.
2020-04-20 20:08:05 INFO  Log4j:25 - One per line, enter empty input twice to exit program
2020-04-20 20:08:05 INFO  Log4j:20 - The valid operators you can use are:  [+, -]
2020-04-20 20:09:11 INFO  Log4j:14 - Welcome to the calculator!
2020-04-20 20:09:11 INFO  Log4j:24 - Type an operator/operand and hit enter.
2020-04-20 20:09:11 INFO  Log4j:25 - One per line, enter empty input twice to exit program
2020-04-20 20:09:11 INFO  Log4j:20 - The valid operators you can use are:  [+, -]
2020-04-20 20:09:14 INFO  Log4j:29 - Equation result is: 10.0
2020-04-20 20:09:14 INFO  Log4j:14 - Welcome to the calculator!
2020-04-20 20:09:14 INFO  Log4j:24 - Type an operator/operand and hit enter.
2020-04-20 20:09:14 INFO  Log4j:25 - One per line, enter empty input twice to exit program
2020-04-20 20:09:14 INFO  Log4j:20 - The valid operators you can use are:  [+, -]
2020-04-20 20:29:24 INFO  Log4j:12 - Welcome to the calculator!
2020-04-20 20:29:24 INFO  Log4j:22 - Type an operator/operand and hit enter.
2020-04-20 20:29:24 INFO  Log4j:23 - One per line, enter empty input twice to exit program
2020-04-20 20:29:24 INFO  Log4j:18 - The valid operators you can use are:  [+, -]
2020-04-20 20:29:27 INFO  Log4j:27 - Equation result is: 10.0
2020-04-20 20:29:27 INFO  Log4j:12 - Welcome to the calculator!
2020-04-20 20:29:27 INFO  Log4j:22 - Type an operator/operand and hit enter.
2020-04-20 20:29:27 INFO  Log4j:23 - One per line, enter empty input twice to exit program
2020-04-20 20:29:27 INFO  Log4j:18 - The valid operators you can use are:  [+, -]
2020-04-20 20:31:19 INFO  Log4j:12 - Welcome to the calculator!
2020-04-20 20:31:19 INFO  Log4j:22 - Type an operator/operand and hit enter.
2020-04-20 20:31:19 INFO  Log4j:23 - One per line, enter empty input twice to exit program
2020-04-20 20:31:19 INFO  Log4j:18 - The valid operators you can use are:  [+, -]
2020-04-20 21:28:15 INFO  Log4j:12 - Welcome to the calculator!
2020-04-20 21:28:15 INFO  Log4j:22 - Type an operator/operand and hit enter.
2020-04-20 21:28:15 INFO  Log4j:23 - One per line, enter empty input twice to exit program
2020-04-20 21:28:15 INFO  Log4j:18 - The valid operators you can use are:  [+, -, /]
2020-04-20 21:28:22 INFO  Log4j:27 - Equation result is: Infinity
2020-04-20 21:28:22 INFO  Log4j:12 - Welcome to the calculator!
2020-04-20 21:28:22 INFO  Log4j:22 - Type an operator/operand and hit enter.
2020-04-20 21:28:22 INFO  Log4j:23 - One per line, enter empty input twice to exit program
2020-04-20 21:28:22 INFO  Log4j:18 - The valid operators you can use are:  [+, -, /]
2020-04-20 21:28:30 INFO  Log4j:12 - Welcome to the calculator!
2020-04-20 21:28:30 INFO  Log4j:22 - Type an operator/operand and hit enter.
2020-04-20 21:28:30 INFO  Log4j:23 - One per line, enter empty input twice to exit program
2020-04-20 21:28:30 INFO  Log4j:18 - The valid operators you can use are:  [+, -, /]
2020-04-20 21:28:34 INFO  Log4j:27 - Equation result is: 0.0
2020-04-20 21:28:34 INFO  Log4j:12 - Welcome to the calculator!
2020-04-20 21:28:34 INFO  Log4j:22 - Type an operator/operand and hit enter.
2020-04-20 21:28:34 INFO  Log4j:23 - One per line, enter empty input twice to exit program
2020-04-20 21:28:34 INFO  Log4j:18 - The valid operators you can use are:  [+, -, /]
2020-04-20 21:37:07 INFO  Log4j:12 - Welcome to the calculator!
2020-04-20 21:37:07 INFO  Log4j:22 - Type an operator/operand and hit enter.
2020-04-20 21:37:07 INFO  Log4j:23 - One per line, enter empty input twice to exit program
2020-04-20 21:37:07 INFO  Log4j:18 - The valid operators you can use are:  [+, -, /]
2020-04-20 21:37:12 ERROR Log4j:43 - Can't divide by Zero
2020-04-20 21:37:12 INFO  Log4j:12 - Welcome to the calculator!
2020-04-20 21:37:12 INFO  Log4j:22 - Type an operator/operand and hit enter.
2020-04-20 21:37:12 INFO  Log4j:23 - One per line, enter empty input twice to exit program
2020-04-20 21:37:12 INFO  Log4j:18 - The valid operators you can use are:  [+, -, /]
2020-04-20 21:37:16 INFO  Log4j:27 - Equation result is: 5.0
2020-04-20 21:37:16 INFO  Log4j:12 - Welcome to the calculator!
2020-04-20 21:37:16 INFO  Log4j:22 - Type an operator/operand and hit enter.
2020-04-20 21:37:16 INFO  Log4j:23 - One per line, enter empty input twice to exit program
2020-04-20 21:37:16 INFO  Log4j:18 - The valid operators you can use are:  [+, -, /]
2020-04-20 21:42:14 INFO  Log4j:12 - Welcome to the calculator!
2020-04-20 21:42:14 INFO  Log4j:22 - Type an operator/operand and hit enter.
2020-04-20 21:42:14 INFO  Log4j:23 - One per line, enter empty input twice to exit program
2020-04-20 21:42:14 INFO  Log4j:18 - The valid operators you can use are:  [+, -, /]
2020-04-20 21:42:23 INFO  Log4j:27 - Equation result is: 0.0
2020-04-20 21:42:23 INFO  Log4j:12 - Welcome to the calculator!
2020-04-20 21:42:23 INFO  Log4j:22 - Type an operator/operand and hit enter.
2020-04-20 21:42:23 INFO  Log4j:23 - One per line, enter empty input twice to exit program
2020-04-20 21:42:23 INFO  Log4j:18 - The valid operators you can use are:  [+, -, /]
2020-04-20 21:42:34 INFO  Log4j:12 - Welcome to the calculator!
2020-04-20 21:42:34 INFO  Log4j:22 - Type an operator/operand and hit enter.
2020-04-20 21:42:34 INFO  Log4j:23 - One per line, enter empty input twice to exit program
2020-04-20 21:42:34 INFO  Log4j:18 - The valid operators you can use are:  [+, -, /]
2020-04-20 21:42:39 WARN  Log4j:35 - Invalid input! reenter the input
2020-04-20 21:45:52 INFO  Log4j:12 - Welcome to the calculator!
2020-04-20 21:45:52 INFO  Log4j:22 - Type an operator/operand and hit enter.
2020-04-20 21:45:52 INFO  Log4j:23 - One per line, enter empty input twice to exit program
2020-04-20 21:45:52 INFO  Log4j:18 - The valid operators you can use are:  [+, -, /, *, (, )]
2020-04-20 21:46:23 INFO  Log4j:12 - Welcome to the calculator!
2020-04-20 21:46:23 INFO  Log4j:22 - Type an operator/operand and hit enter.
2020-04-20 21:46:23 INFO  Log4j:23 - One per line, enter empty input twice to exit program
2020-04-20 21:46:23 INFO  Log4j:18 - The valid operators you can use are:  [+, -, /, *, (, )]
2020-04-20 21:51:30 INFO  Log4j:12 - Welcome to the calculator!
2020-04-20 21:51:30 INFO  Log4j:22 - Type an operator/operand and hit enter.
2020-04-20 21:51:30 INFO  Log4j:23 - One per line, enter empty input twice to exit program
2020-04-20 21:51:30 INFO  Log4j:18 - The valid operators you can use are:  [+, -, /, *, (, )]
2020-04-20 21:54:45 INFO  Log4j:12 - Welcome to the calculator!
2020-04-20 21:54:45 INFO  Log4j:22 - Type an operator/operand and hit enter.
2020-04-20 21:54:45 INFO  Log4j:23 - One per line, enter empty input twice to exit program
2020-04-20 21:54:45 INFO  Log4j:18 - The valid operators you can use are:  [+, -, /, *, (, )]
2020-04-20 21:55:25 INFO  Log4j:12 - Welcome to the calculator!
2020-04-20 21:55:25 INFO  Log4j:22 - Type an operator/operand and hit enter.
2020-04-20 21:55:25 INFO  Log4j:23 - One per line, enter empty input twice to exit program
2020-04-20 21:55:25 INFO  Log4j:18 - The valid operators you can use are:  [+, -, /, *, (, )]
2020-04-20 21:56:32 INFO  Log4j:12 - Welcome to the calculator!
2020-04-20 21:56:32 INFO  Log4j:22 - Type an operator/operand and hit enter.
2020-04-20 21:56:32 INFO  Log4j:23 - One per line, enter empty input twice to exit program
2020-04-20 21:56:32 INFO  Log4j:18 - The valid operators you can use are:  [+, -, /, *, (, )]
2020-04-20 21:56:39 INFO  Log4j:12 - Welcome to the calculator!
2020-04-20 21:56:39 INFO  Log4j:22 - Type an operator/operand and hit enter.
2020-04-20 21:56:39 INFO  Log4j:23 - One per line, enter empty input twice to exit program
2020-04-20 21:56:39 INFO  Log4j:18 - The valid operators you can use are:  [+, -, /, *, (, )]
2020-04-20 21:58:41 INFO  Log4j:12 - Welcome to the calculator!
2020-04-20 21:58:41 INFO  Log4j:22 - Type an operator/operand and hit enter.
2020-04-20 21:58:41 INFO  Log4j:23 - One per line, enter empty input twice to exit program
2020-04-20 21:58:41 INFO  Log4j:18 - The valid operators you can use are:  [+, -, /, *, (, )]
2020-04-20 21:59:09 INFO  Log4j:12 - Welcome to the calculator!
2020-04-20 21:59:09 INFO  Log4j:22 - Type an operator/operand and hit enter.
2020-04-20 21:59:09 INFO  Log4j:23 - One per line, enter empty input twice to exit program
2020-04-20 21:59:09 INFO  Log4j:18 - The valid operators you can use are:  [+, -, /, *, (, )]
2020-04-20 22:02:16 INFO  Log4j:12 - Welcome to the calculator!
2020-04-20 22:02:16 INFO  Log4j:22 - Type an operator/operand and hit enter.
2020-04-20 22:02:16 INFO  Log4j:23 - One per line, enter empty input twice to exit program
2020-04-20 22:02:16 INFO  Log4j:18 - The valid operators you can use are:  [+, -, /, *, (, )]
2020-04-20 22:02:25 INFO  Log4j:12 - Welcome to the calculator!
2020-04-20 22:02:25 INFO  Log4j:22 - Type an operator/operand and hit enter.
2020-04-20 22:02:25 INFO  Log4j:23 - One per line, enter empty input twice to exit program
2020-04-20 22:02:25 INFO  Log4j:18 - The valid operators you can use are:  [+, -, /, *, (, )]
2020-04-20 22:12:06 INFO  Log4j:12 - Welcome to the calculator!
2020-04-20 22:12:06 INFO  Log4j:22 - Type an operator/operand and hit enter.
2020-04-20 22:12:06 INFO  Log4j:23 - One per line, enter empty input twice to exit program
2020-04-20 22:12:06 INFO  Log4j:18 - The valid operators you can use are:  [+, -, /, *, (, )]
2020-04-20 22:14:20 INFO  Log4j:12 - Welcome to the calculator!
2020-04-20 22:14:20 INFO  Log4j:22 - Type an operator/operand and hit enter.
2020-04-20 22:14:20 INFO  Log4j:23 - One per line, enter empty input twice to exit program
2020-04-20 22:14:20 INFO  Log4j:18 - The valid operators you can use are:  [+, -, /, *, (, )]
2020-04-20 22:17:36 INFO  Log4j:12 - Welcome to the calculator!
2020-04-20 22:17:36 INFO  Log4j:22 - Type an operator/operand and hit enter.
2020-04-20 22:17:36 INFO  Log4j:23 - One per line, enter empty input twice to exit program
2020-04-20 22:17:36 INFO  Log4j:18 - The valid operators you can use are:  [+, -, /, *, (, )]
2020-04-20 22:19:22 INFO  Log4j:12 - Welcome to the calculator!
2020-04-20 22:19:22 INFO  Log4j:22 - Type an operator/operand and hit enter.
2020-04-20 22:19:22 INFO  Log4j:23 - One per line, enter empty input twice to exit program
2020-04-20 22:19:22 INFO  Log4j:18 - The valid operators you can use are:  [+, -, /, *, (, )]
2020-04-20 22:20:20 INFO  Log4j:12 - Welcome to the calculator!
2020-04-20 22:20:20 INFO  Log4j:22 - Type an operator/operand and hit enter.
2020-04-20 22:20:20 INFO  Log4j:23 - One per line, enter empty input twice to exit program
2020-04-20 22:20:20 INFO  Log4j:18 - The valid operators you can use are:  [+, -, /, *, (, )]
2020-04-20 22:22:53 INFO  Log4j:12 - Welcome to the calculator!
2020-04-20 22:22:53 INFO  Log4j:22 - Type an operator/operand and hit enter.
2020-04-20 22:22:53 INFO  Log4j:23 - One per line, enter empty input twice to exit program
2020-04-20 22:22:53 INFO  Log4j:18 - The valid operators you can use are:  [+, -, /, *, (, )]
2020-04-20 22:24:58 INFO  Log4j:12 - Welcome to the calculator!
2020-04-20 22:24:58 INFO  Log4j:22 - Type an operator/operand and hit enter.
2020-04-20 22:24:58 INFO  Log4j:23 - One per line, enter empty input twice to exit program
2020-04-20 22:24:58 INFO  Log4j:18 - The valid operators you can use are:  [+, -, /, *, (, )]
2020-04-20 22:26:59 INFO  Log4j:12 - Welcome to the calculator!
2020-04-20 22:26:59 INFO  Log4j:22 - Type an operator/operand and hit enter.
2020-04-20 22:26:59 INFO  Log4j:23 - One per line, enter empty input twice to exit program
2020-04-20 22:26:59 INFO  Log4j:18 - The valid operators you can use are:  [+, -, /, *, (, )]
2020-04-20 22:27:02 WARN  Log4j:35 - Invalid input! reenter the input
2020-04-20 22:28:53 INFO  Log4j:27 - Equation result is: 30.0
2020-04-20 22:28:53 INFO  Log4j:12 - Welcome to the calculator!
2020-04-20 22:28:53 INFO  Log4j:22 - Type an operator/operand and hit enter.
2020-04-20 22:28:53 INFO  Log4j:23 - One per line, enter empty input twice to exit program
2020-04-20 22:28:53 INFO  Log4j:18 - The valid operators you can use are:  [+, -, /, *, (, )]
2020-04-20 22:28:56 INFO  Log4j:12 - Welcome to the calculator!
2020-04-20 22:28:56 INFO  Log4j:22 - Type an operator/operand and hit enter.
2020-04-20 22:28:56 INFO  Log4j:23 - One per line, enter empty input twice to exit program
2020-04-20 22:28:56 INFO  Log4j:18 - The valid operators you can use are:  [+, -, /, *, (, )]
2020-04-20 22:29:44 INFO  Log4j:27 - Equation result is: 30.0
2020-04-20 22:29:44 INFO  Log4j:12 - Welcome to the calculator!
2020-04-20 22:29:44 INFO  Log4j:22 - Type an operator/operand and hit enter.
2020-04-20 22:29:44 INFO  Log4j:23 - One per line, enter empty input twice to exit program
2020-04-20 22:29:44 INFO  Log4j:18 - The valid operators you can use are:  [+, -, /, *, (, )]
2020-04-20 22:29:57 INFO  Log4j:12 - Welcome to the calculator!
2020-04-20 22:29:57 INFO  Log4j:22 - Type an operator/operand and hit enter.
2020-04-20 22:29:57 INFO  Log4j:23 - One per line, enter empty input twice to exit program
2020-04-20 22:29:57 INFO  Log4j:18 - The valid operators you can use are:  [+, -, /, *, (, )]
2020-04-20 22:31:30 INFO  Log4j:27 - Equation result is: 30.0
2020-04-20 22:31:30 INFO  Log4j:12 - Welcome to the calculator!
2020-04-20 22:31:30 INFO  Log4j:22 - Type an operator/operand and hit enter.
2020-04-20 22:31:30 INFO  Log4j:23 - One per line, enter empty input twice to exit program
2020-04-20 22:31:30 INFO  Log4j:18 - The valid operators you can use are:  [+, -, /, *, (, )]
2020-04-20 22:32:02 INFO  Log4j:12 - Welcome to the calculator!
2020-04-20 22:32:02 INFO  Log4j:22 - Type an operator/operand and hit enter.
2020-04-20 22:32:02 INFO  Log4j:23 - One per line, enter empty input twice to exit program
2020-04-20 22:32:02 INFO  Log4j:18 - The valid operators you can use are:  [+, -, /, *, (, )]
2020-04-20 22:33:44 INFO  Log4j:27 - Equation result is: 130.0
2020-04-20 22:33:44 INFO  Log4j:12 - Welcome to the calculator!
2020-04-20 22:33:44 INFO  Log4j:22 - Type an operator/operand and hit enter.
2020-04-20 22:33:44 INFO  Log4j:23 - One per line, enter empty input twice to exit program
2020-04-20 22:33:44 INFO  Log4j:18 - The valid operators you can use are:  [+, -, /, *, (, )]
2020-04-20 22:36:46 INFO  Log4j:12 - Welcome to the calculator!
2020-04-20 22:36:46 INFO  Log4j:22 - Type an operator/operand and hit enter.
2020-04-20 22:36:46 INFO  Log4j:23 - One per line, enter empty input twice to exit program
2020-04-20 22:36:46 INFO  Log4j:18 - The valid operators you can use are:  [+, -, /, *, (, )]
2020-04-20 22:37:01 INFO  Log4j:27 - Equation result is: 130.0
2020-04-20 22:37:01 INFO  Log4j:12 - Welcome to the calculator!
2020-04-20 22:37:01 INFO  Log4j:22 - Type an operator/operand and hit enter.
2020-04-20 22:37:01 INFO  Log4j:23 - One per line, enter empty input twice to exit program
2020-04-20 22:37:01 INFO  Log4j:18 - The valid operators you can use are:  [+, -, /, *, (, )]
2020-04-20 22:37:20 INFO  Log4j:12 - Welcome to the calculator!
2020-04-20 22:37:20 INFO  Log4j:22 - Type an operator/operand and hit enter.
2020-04-20 22:37:20 INFO  Log4j:23 - One per line, enter empty input twice to exit program
2020-04-20 22:37:20 INFO  Log4j:18 - The valid operators you can use are:  [+, -, /, *, (, )]
2020-04-20 22:37:35 INFO  Log4j:27 - Equation result is: 234.0
2020-04-20 22:37:35 INFO  Log4j:12 - Welcome to the calculator!
2020-04-20 22:37:35 INFO  Log4j:22 - Type an operator/operand and hit enter.
2020-04-20 22:37:35 INFO  Log4j:23 - One per line, enter empty input twice to exit program
2020-04-20 22:37:35 INFO  Log4j:18 - The valid operators you can use are:  [+, -, /, *, (, )]
2020-04-20 22:39:01 INFO  Log4j:12 - Welcome to the calculator!
2020-04-20 22:39:01 INFO  Log4j:22 - Type an operator/operand and hit enter.
2020-04-20 22:39:01 INFO  Log4j:23 - One per line, enter empty input twice to exit program
2020-04-20 22:39:01 INFO  Log4j:18 - The valid operators you can use are:  [+, -, /, *, (, )]
2020-04-20 22:39:07 INFO  Log4j:27 - Equation result is: 30.0
2020-04-20 22:39:07 INFO  Log4j:12 - Welcome to the calculator!
2020-04-20 22:39:07 INFO  Log4j:22 - Type an operator/operand and hit enter.
2020-04-20 22:39:07 INFO  Log4j:23 - One per line, enter empty input twice to exit program
2020-04-20 22:39:07 INFO  Log4j:18 - The valid operators you can use are:  [+, -, /, *, (, )]
2020-04-20 22:41:17 INFO  Log4j:12 - Welcome to the calculator!
2020-04-20 22:41:17 INFO  Log4j:22 - Type an operator/operand and hit enter.
2020-04-20 22:41:17 INFO  Log4j:23 - One per line, enter empty input twice to exit program
2020-04-20 22:41:17 INFO  Log4j:18 - The valid operators you can use are:  [+, -, /, *, (, )]
2020-04-20 22:42:00 INFO  Log4j:12 - Welcome to the calculator!
2020-04-20 22:42:00 INFO  Log4j:22 - Type an operator/operand and hit enter.
2020-04-20 22:42:00 INFO  Log4j:23 - One per line, enter empty input twice to exit program
2020-04-20 22:42:00 INFO  Log4j:18 - The valid operators you can use are:  [+, -, /, *, (, )]
2020-04-20 22:48:07 INFO  Log4j:12 - Welcome to the calculator!
2020-04-20 22:48:07 INFO  Log4j:22 - Type an operator/operand and hit enter.
2020-04-20 22:48:07 INFO  Log4j:23 - One per line, enter empty input twice to exit program
2020-04-20 22:48:07 INFO  Log4j:18 - The valid operators you can use are:  [+, -, /, *, (, )]
2020-04-21 09:41:55 INFO  Log4j:12 - Welcome to the calculator!
2020-04-21 09:41:55 INFO  Log4j:22 - Type an operator/operand and hit enter.
2020-04-21 09:41:55 INFO  Log4j:23 - One per line, enter empty input twice to exit program
2020-04-21 09:41:55 INFO  Log4j:18 - The valid operators you can use are:  [+, -, /, *, (, )]
2020-04-21 09:42:28 INFO  Log4j:12 - Welcome to the calculator!
2020-04-21 09:42:28 INFO  Log4j:22 - Type an operator/operand and hit enter.
2020-04-21 09:42:28 INFO  Log4j:23 - One per line, enter empty input twice to exit program
2020-04-21 09:42:28 INFO  Log4j:18 - The valid operators you can use are:  [+, -]
2020-04-21 09:42:36 INFO  Log4j:27 - Equation result is: 5.0
2020-04-21 09:42:36 INFO  Log4j:12 - Welcome to the calculator!
2020-04-21 09:42:36 INFO  Log4j:22 - Type an operator/operand and hit enter.
2020-04-21 09:42:36 INFO  Log4j:23 - One per line, enter empty input twice to exit program
2020-04-21 09:42:36 INFO  Log4j:18 - The valid operators you can use are:  [+, -]
